<?xml version="1.0" encoding="UTF-8"?>
<!-- Generated by org.testng.reporters.JUnitReportReporter -->
<testsuite hostname="ADITYA-SHRIRAM1989" failures="0" tests="1" name="doctors.SerchDoctors" time="80.419" errors="0" timestamp="29 Jun 2023 14:21:52 GMT" skipped="0">
  <testcase classname="doctors.SerchDoctors" name="validateApp" time="80.419"/>
</testsuite> <!-- doctors.SerchDoctors -->
