<?xml version="1.0" encoding="UTF-8"?>
<!-- Generated by org.testng.reporters.JUnitReportReporter -->
<testsuite hostname="ADITYA-SHRIRAM1989" failures="0" tests="1" name="askapollo.appLogin" time="79.869" errors="0" timestamp="27 Jun 2023 11:44:01 GMT" skipped="0">
  <testcase classname="askapollo.appLogin" name="launchApp" time="79.869"/>
</testsuite> <!-- askapollo.appLogin -->
